# JRE version: Java(TM) SE Runtime Environment (8.0_144-b01) (build 1.8.0_144-b01)
# Java VM: Java HotSpot(TM) 64-Bit Server VM (25.144-b01 mixed mode windows-amd64 compressed oops)
Heap:
 PSYoungGen      total 106496K, used 14736K [0x00000000e0000000, 0x00000000e7180000, 0x0000000100000000)
  eden space 96768K, 5% used [0x00000000e0000000,0x00000000e04e7008,0x00000000e5e80000)
  from space 9728K, 99% used [0x00000000e5e80000,0x00000000e67fd360,0x00000000e6800000)
  to   space 7680K, 0% used [0x00000000e6a00000,0x00000000e6a00000,0x00000000e7180000)
 ParOldGen       total 48128K, used 40313K [0x00000000a0000000, 0x00000000a2f00000, 0x00000000e0000000)
  object space 48128K, 83% used [0x00000000a0000000,0x00000000a275e568,0x00000000a2f00000)
 Metaspace       used 51391K, capacity 52662K, committed 52992K, reserved 1095680K
  class space    used 6942K, capacity 7298K, committed 7424K, reserved 1048576K
GC Heap History (10 events):
Event: 42.105 GC heap before
{Heap before GC invocations=18 (full 2):
 PSYoungGen      total 59392K, used 53248K [0x00000000e0000000, 0x00000000e5680000, 0x0000000100000000)
  eden space 53248K, 100% used [0x00000000e0000000,0x00000000e3400000,0x00000000e3400000)
  from space 6144K, 0% used [0x00000000e3400000,0x00000000e3400000,0x00000000e3a00000)
  to   space 6656K, 0% used [0x00000000e5000000,0x00000000e5000000,0x00000000e5680000)
 ParOldGen       total 48128K, used 17330K [0x00000000a0000000, 0x00000000a2f00000, 0x00000000e0000000)
  object space 48128K, 36% used [0x00000000a0000000,0x00000000a10ecbf0,0x00000000a2f00000)
 Metaspace       used 40970K, capacity 41708K, committed 41984K, reserved 1085440K
  class space    used 5597K, capacity 5853K, committed 5888K, reserved 1048576K
Event: 42.117 GC heap after
Heap after GC invocations=18 (full 2):
 PSYoungGen      total 75776K, used 6267K [0x00000000e0000000, 0x00000000e5680000, 0x0000000100000000)
  eden space 69120K, 0% used [0x00000000e0000000,0x00000000e0000000,0x00000000e4380000)
  from space 6656K, 94% used [0x00000000e5000000,0x00000000e561ee58,0x00000000e5680000)
  to   space 7168K, 0% used [0x00000000e4880000,0x00000000e4880000,0x00000000e4f80000)
 ParOldGen       total 48128K, used 17403K [0x00000000a0000000, 0x00000000a2f00000, 0x00000000e0000000)
  object space 48128K, 36% used [0x00000000a0000000,0x00000000a10fec00,0x00000000a2f00000)
 Metaspace       used 40970K, capacity 41708K, committed 41984K, reserved 1085440K
  class space    used 5597K, capacity 5853K, committed 5888K, reserved 1048576K
}
Event: 43.039 GC heap before
{Heap before GC invocations=19 (full 2):
 PSYoungGen      total 75776K, used 75387K [0x00000000e0000000, 0x00000000e5680000, 0x0000000100000000)
  eden space 69120K, 100% used [0x00000000e0000000,0x00000000e4380000,0x00000000e4380000)
  from space 6656K, 94% used [0x00000000e5000000,0x00000000e561ee58,0x00000000e5680000)
  to   space 7168K, 0% used [0x00000000e4880000,0x00000000e4880000,0x00000000e4f80000)
 ParOldGen       total 48128K, used 17403K [0x00000000a0000000, 0x00000000a2f00000, 0x00000000e0000000)
  object space 48128K, 36% used [0x00000000a0000000,0x00000000a10fec00,0x00000000a2f00000)
 Metaspace       used 41414K, capacity 42170K, committed 42496K, reserved 1085440K
  class space    used 5614K, capacity 5866K, committed 5888K, reserved 1048576K
Event: 43.054 GC heap after
Heap after GC invocations=19 (full 2):
 PSYoungGen      total 81408K, used 2743K [0x00000000e0000000, 0x00000000e6000000, 0x0000000100000000)
  eden space 74240K, 0% used [0x00000000e0000000,0x00000000e0000000,0x00000000e4880000)
  from space 7168K, 38% used [0x00000000e4880000,0x00000000e4b2dcc8,0x00000000e4f80000)
  to   space 7168K, 0% used [0x00000000e5900000,0x00000000e5900000,0x00000000e6000000)
 ParOldGen       total 48128K, used 22137K [0x00000000a0000000, 0x00000000a2f00000, 0x00000000e0000000)
  object space 48128K, 45% used [0x00000000a0000000,0x00000000a159e598,0x00000000a2f00000)
 Metaspace       used 41414K, capacity 42170K, committed 42496K, reserved 1085440K
  class space    used 5614K, capacity 5866K, committed 5888K, reserved 1048576K
}
Event: 47.072 GC heap before
{Heap before GC invocations=20 (full 2):
 PSYoungGen      total 81408K, used 76983K [0x00000000e0000000, 0x00000000e6000000, 0x0000000100000000)
  eden space 74240K, 100% used [0x00000000e0000000,0x00000000e4880000,0x00000000e4880000)
  from space 7168K, 38% used [0x00000000e4880000,0x00000000e4b2dcc8,0x00000000e4f80000)
  to   space 7168K, 0% used [0x00000000e5900000,0x00000000e5900000,0x00000000e6000000)
 ParOldGen       total 48128K, used 22137K [0x00000000a0000000, 0x00000000a2f00000, 0x00000000e0000000)
  object space 48128K, 45% used [0x00000000a0000000,0x00000000a159e598,0x00000000a2f00000)
 Metaspace       used 43861K, capacity 44660K, committed 44928K, reserved 1087488K
  class space    used 5949K, capacity 6179K, committed 6272K, reserved 1048576K
Event: 47.079 GC heap after
Heap after GC invocations=20 (full 2):
 PSYoungGen      total 91136K, used 4457K [0x00000000e0000000, 0x00000000e6480000, 0x0000000100000000)
  eden space 83968K, 0% used [0x00000000e0000000,0x00000000e0000000,0x00000000e5200000)
  from space 7168K, 62% used [0x00000000e5900000,0x00000000e5d5a568,0x00000000e6000000)
  to   space 7168K, 0% used [0x00000000e5200000,0x00000000e5200000,0x00000000e5900000)
 ParOldGen       total 48128K, used 22275K [0x00000000a0000000, 0x00000000a2f00000, 0x00000000e0000000)
  object space 48128K, 46% used [0x00000000a0000000,0x00000000a15c0c88,0x00000000a2f00000)
 Metaspace       used 43861K, capacity 44660K, committed 44928K, reserved 1087488K
  class space    used 5949K, capacity 6179K, committed 6272K, reserved 1048576K
}
Event: 53.495 GC heap before
{Heap before GC invocations=21 (full 2):
 PSYoungGen      total 91136K, used 88425K [0x00000000e0000000, 0x00000000e6480000, 0x0000000100000000)
  eden space 83968K, 100% used [0x00000000e0000000,0x00000000e5200000,0x00000000e5200000)
  from space 7168K, 62% used [0x00000000e5900000,0x00000000e5d5a568,0x00000000e6000000)
  to   space 7168K, 0% used [0x00000000e5200000,0x00000000e5200000,0x00000000e5900000)
 ParOldGen       total 48128K, used 22275K [0x00000000a0000000, 0x00000000a2f00000, 0x00000000e0000000)
  object space 48128K, 46% used [0x00000000a0000000,0x00000000a15c0c88,0x00000000a2f00000)
 Metaspace       used 48291K, capacity 49510K, committed 49792K, reserved 1091584K
  class space    used 6610K, capacity 6954K, committed 7040K, reserved 1048576K
Event: 53.517 GC heap after
Heap after GC invocations=21 (full 2):
 PSYoungGen      total 91136K, used 7136K [0x00000000e0000000, 0x00000000e7380000, 0x0000000100000000)
  eden space 83968K, 0% used [0x00000000e0000000,0x00000000e0000000,0x00000000e5200000)
  from space 7168K, 99% used [0x00000000e5200000,0x00000000e58f8010,0x00000000e5900000)
  to   space 9728K, 0% used [0x00000000e6a00000,0x00000000e6a00000,0x00000000e7380000)
 ParOldGen       total 48128K, used 27339K [0x00000000a0000000, 0x00000000a2f00000, 0x00000000e0000000)
  object space 48128K, 56% used [0x00000000a0000000,0x00000000a1ab2f28,0x00000000a2f00000)
 Metaspace       used 48291K, capacity 49510K, committed 49792K, reserved 1091584K
  class space    used 6610K, capacity 6954K, committed 7040K, reserved 1048576K
}
Event: 84.926 GC heap before
{Heap before GC invocations=22 (full 2):
 PSYoungGen      total 91136K, used 91104K [0x00000000e0000000, 0x00000000e7380000, 0x0000000100000000)
  eden space 83968K, 100% used [0x00000000e0000000,0x00000000e5200000,0x00000000e5200000)
  from space 7168K, 99% used [0x00000000e5200000,0x00000000e58f8010,0x00000000e5900000)
  to   space 9728K, 0% used [0x00000000e6a00000,0x00000000e6a00000,0x00000000e7380000)
 ParOldGen       total 48128K, used 27339K [0x00000000a0000000, 0x00000000a2f00000, 0x00000000e0000000)
  object space 48128K, 56% used [0x00000000a0000000,0x00000000a1ab2f28,0x00000000a2f00000)
 Metaspace       used 50187K, capacity 51436K, committed 51584K, reserved 1093632K
  class space    used 6833K, capacity 7195K, committed 7296K, reserved 1048576K
Event: 84.956 GC heap after
Heap after GC invocations=22 (full 2):
 PSYoungGen      total 104448K, used 3376K [0x00000000e0000000, 0x00000000e7180000, 0x0000000100000000)
  eden space 96768K, 0% used [0x00000000e0000000,0x00000000e0000000,0x00000000e5e80000)
  from space 7680K, 43% used [0x00000000e6a00000,0x00000000e6d4c170,0x00000000e7180000)
  to   space 9728K, 0% used [0x00000000e5e80000,0x00000000e5e80000,0x00000000e6800000)
 ParOldGen       total 48128K, used 34453K [0x00000000a0000000, 0x00000000a2f00000, 0x00000000e0000000)
  object space 48128K, 71% used [0x00000000a0000000,0x00000000a21a5798,0x00000000a2f00000)
 Metaspace       used 50187K, capacity 51436K, committed 51584K, reserved 1093632K
  class space    used 6833K, capacity 7195K, committed 7296K, reserved 1048576K
}

